=== TTS french ===
    network error (ReadTimeout), retrying in 2s

=== TTS BUDGET — v2 French audio (WaveNet) ===
  conjugation     51,580 chars (50 unit(s) present)
  grammar         24,064 chars (25 unit(s) present)
  TOTAL           75,644 chars to synthesize (3188 files; 11382 already exist)
  WaveNet free tier: 1,000,000 chars/month — this run uses 7.6%
  Listen spec-based full-run estimate (level-mix aware, 30 episodes, fast+slow): ≈ 47,460 chars ≈ 4.7%
  (English prompt audio is billed on the separate Standard tier — see gen_english_prompts.py --budget-check)

  50 files synthesized...
  100 files synthesized...
  150 files synthesized...
  200 files synthesized...
  250 files synthesized...
  300 files synthesized...
  350 files synthesized...
  400 files synthesized...
  450 files synthesized...
  500 files synthesized...
  550 files synthesized...
  600 files synthesized...
  650 files synthesized...
  700 files synthesized...
  750 files synthesized...
  800 files synthesized...
  850 files synthesized...
  900 files synthesized...
  950 files synthesized...
  1000 files synthesized...
  1050 files synthesized...
  1100 files synthesized...
  1150 files synthesized...
  1200 files synthesized...
  1250 files synthesized...
  1300 files synthesized...
  1350 files synthesized...
  1400 files synthesized...
  1450 files synthesized...
  1500 files synthesized...
  1550 files synthesized...
  1600 files synthesized...
  1650 files synthesized...
  1700 files synthesized...
  1750 files synthesized...
  1800 files synthesized...
  1850 files synthesized...
  1900 files synthesized...
  1950 files synthesized...
  2000 files synthesized...
  2050 files synthesized...
  2100 files synthesized...
  2150 files synthesized...
  2200 files synthesized...
  2250 files synthesized...
  2300 files synthesized...
  2350 files synthesized...
  2400 files synthesized...
  2450 files synthesized...
  2500 files synthesized...
  2550 files synthesized...
  2600 files synthesized...
  2650 files synthesized...
  2700 files synthesized...
  2750 files synthesized...
  2800 files synthesized...
  2850 files synthesized...
  2900 files synthesized...
  2950 files synthesized...
  3000 files synthesized...
  3050 files synthesized...
  3100 files synthesized...
  3150 files synthesized...
full episodes: 0 assembled
done: 3188 synthesized, 0 failed
BACKFILL reminder: street variants to be regenerated with ElevenLabs later.
=== TTS english prompts ===
v1 source: sentences.json (959 prompts)
v2 source: learn_conjugation_validated.json (895 prompts)
v2 source: learn_vocab_validated.json (1571 prompts)
v2 source: learn_grammar_validated.json (500 prompts)
v2 source: scenarios (432 user-line prompts)

=== TTS BUDGET — English prompts (en-US, Standard tier) ===
  4357 prompts total; 720 to synthesize = 20,736 chars
  Standard free tier: 4,000,000 chars/month — this run uses 0.52% (separate bucket from WaveNet)

  100 files synthesized...
  200 files synthesized...
  300 files synthesized...
  400 files synthesized...
  500 files synthesized...
  600 files synthesized...
  700 files synthesized...
done: 720 synthesized, 0 failed
=== assemble pack ===
copied: learn/conjugation.json
copied: learn/vocab.json
copied: learn/grammar.json
copied: speak/scenarios.json
copied: listen/episodes.json
copied: read/passages.json

=== CONTENT INVENTORY ===
{
  "learn": {
    "conjugation": {
      "nodes": 50,
      "drills": 895,
      "verbs": 49
    },
    "vocab": {
      "nodes": 40,
      "drills": 1571,
      "words": 1000
    },
    "grammar": {
      "nodes": 25,
      "drills": 500,
      "canonical_examples": 175
    }
  },
  "speak": {
    "scenarios": 12,
    "variants": 36,
    "dialogue_nodes": 851,
    "user_turns": 432,
    "branch_points": 84
  },
  "listen": {
    "episodes": 30,
    "by_level": {
      "A": 7,
      "B": 8,
      "C": 8,
      "D": 7
    },
    "lines": 315,
    "questions": 90,
    "est_fast_audio_sec": 1409
  },
  "read": {
    "passages": 60,
    "by_style": {
      "email": 6,
      "event": 6,
      "fiction": 6,
      "news": 6,
      "opinion": 6,
      "recipe": 6,
      "review": 6,
      "social": 6,
      "texto": 6,
      "travel": 6
    },
    "by_tier": {
      "0": 8,
      "1": 18,
      "2": 20,
      "3": 14
    },
    "words": 7097,
    "gloss_entries": 3063,
    "questions": 154
  }
}

=== AUDIO ===
v1 source: sentences.json (959 prompts)
v2 source: learn_conjugation_validated.json (895 prompts)
v2 source: learn_vocab_validated.json (1571 prompts)
v2 source: learn_grammar_validated.json (500 prompts)
v2 source: scenarios (432 user-line prompts)
  learn            11,806 files (155 MB), 11,806 referenced
  speak             2,134 files (52 MB), 2,134 referenced
  listen              691 files (42 MB), 691 referenced
  english_prompts   4,357 files (73 MB), 4,357 referenced

wrote content_pack_v2/manifest.json
audio complete: every referenced file present and non-empty
=== TTS+ASSEMBLY DONE ===
=== EXIT 0 ===
